c:\users\samuel\documents\visual studio 2015\projects\pruebascontour\pruebascontour\x64\release\pruebascontour.pch
c:\users\samuel\documents\visual studio 2015\projects\pruebascontour\pruebascontour\x64\release\vc140.pdb
c:\users\samuel\documents\visual studio 2015\projects\pruebascontour\pruebascontour\x64\release\stdafx.obj
c:\users\samuel\documents\visual studio 2015\projects\pruebascontour\pruebascontour\x64\release\contours2.obj
c:\users\samuel\documents\visual studio 2015\projects\pruebascontour\pruebascontour\x64\release\pruebascontour.obj
c:\users\samuel\documents\visual studio 2015\projects\pruebascontour\x64\release\pruebascontour.exe
c:\users\samuel\documents\visual studio 2015\projects\pruebascontour\x64\release\pruebascontour.ipdb
c:\users\samuel\documents\visual studio 2015\projects\pruebascontour\x64\release\pruebascontour.iobj
c:\users\samuel\documents\visual studio 2015\projects\pruebascontour\x64\release\pruebascontour.pdb
c:\users\samuel\documents\visual studio 2015\projects\tt2\pruebascontour\x64\release\contours2.obj
c:\users\samuel\documents\visual studio 2015\projects\tt2\pruebascontour\x64\release\pruebascontour.obj
c:\users\samuel\documents\visual studio 2015\projects\tt2\pruebascontour\x64\release\stdafx.obj
c:\users\samuel\documents\visual studio 2015\projects\tt2\pruebascontour\x64\release\pruebascontour.pch
c:\users\samuel\documents\visual studio 2015\projects\tt2\pruebascontour\x64\release\vc140.pdb
c:\users\samuel\documents\visual studio 2015\projects\tt2\x64\release\pruebascontour.pdb
c:\users\samuel\documents\visual studio 2015\projects\tt2\x64\release\pruebascontour.exe
c:\users\samuel\documents\visual studio 2015\projects\tt2\pruebascontour\x64\release\pruebascontour.tlog\cl.command.1.tlog
c:\users\samuel\documents\visual studio 2015\projects\tt2\pruebascontour\x64\release\pruebascontour.tlog\cl.read.1.tlog
c:\users\samuel\documents\visual studio 2015\projects\tt2\pruebascontour\x64\release\pruebascontour.tlog\cl.write.1.tlog
c:\users\samuel\documents\visual studio 2015\projects\tt2\pruebascontour\x64\release\pruebascontour.tlog\link.command.1.tlog
c:\users\samuel\documents\visual studio 2015\projects\tt2\pruebascontour\x64\release\pruebascontour.tlog\link.read.1.tlog
c:\users\samuel\documents\visual studio 2015\projects\tt2\pruebascontour\x64\release\pruebascontour.tlog\link.write.1.tlog
